[0105/224319.267:ERROR:process_reader_win.cc(123)] NtOpenThread: {Eriþim Yok} Bir iþlem bir nesneye eriþmek istedi, ancak istediði eriþimin haklarý kendisine verilmiþ deðil. (0xc0000022)
[0105/224319.268:ERROR:exception_snapshot_win.cc(99)] thread ID 2044 not found in process
[0105/224319.312:ERROR:process_reader_win.cc(123)] NtOpenThread: {Eriþim Yok} Bir iþlem bir nesneye eriþmek istedi, ancak istediði eriþimin haklarý kendisine verilmiþ deðil. (0xc0000022)
[0105/224319.312:ERROR:exception_snapshot_win.cc(99)] thread ID 29464 not found in process
[0105/224436.793:ERROR:process_reader_win.cc(123)] NtOpenThread: {Eriþim Yok} Bir iþlem bir nesneye eriþmek istedi, ancak istediði eriþimin haklarý kendisine verilmiþ deðil. (0xc0000022)
[0105/224436.797:ERROR:exception_snapshot_win.cc(99)] thread ID 33692 not found in process
[0105/224436.834:ERROR:process_reader_win.cc(123)] NtOpenThread: {Eriþim Yok} Bir iþlem bir nesneye eriþmek istedi, ancak istediði eriþimin haklarý kendisine verilmiþ deðil. (0xc0000022)
[0105/224436.834:ERROR:exception_snapshot_win.cc(99)] thread ID 7088 not found in process
[0105/224439.037:ERROR:process_reader_win.cc(123)] NtOpenThread: {Eriþim Yok} Bir iþlem bir nesneye eriþmek istedi, ancak istediði eriþimin haklarý kendisine verilmiþ deðil. (0xc0000022)
[0105/224439.038:ERROR:exception_snapshot_win.cc(99)] thread ID 34864 not found in process
[0105/224439.083:ERROR:process_reader_win.cc(123)] NtOpenThread: {Eriþim Yok} Bir iþlem bir nesneye eriþmek istedi, ancak istediði eriþimin haklarý kendisine verilmiþ deðil. (0xc0000022)
[0105/224439.083:ERROR:exception_snapshot_win.cc(99)] thread ID 9420 not found in process
[0105/224440.164:ERROR:process_reader_win.cc(123)] NtOpenThread: {Eriþim Yok} Bir iþlem bir nesneye eriþmek istedi, ancak istediði eriþimin haklarý kendisine verilmiþ deðil. (0xc0000022)
[0105/224440.164:ERROR:exception_snapshot_win.cc(99)] thread ID 4192 not found in process
[0105/224440.209:ERROR:process_reader_win.cc(123)] NtOpenThread: {Eriþim Yok} Bir iþlem bir nesneye eriþmek istedi, ancak istediði eriþimin haklarý kendisine verilmiþ deðil. (0xc0000022)
[0105/224440.209:ERROR:exception_snapshot_win.cc(99)] thread ID 13864 not found in process
[0105/224926.462:ERROR:process_reader_win.cc(123)] NtOpenThread: {Eriþim Yok} Bir iþlem bir nesneye eriþmek istedi, ancak istediði eriþimin haklarý kendisine verilmiþ deðil. (0xc0000022)
[0105/224926.463:ERROR:exception_snapshot_win.cc(99)] thread ID 18648 not found in process
[0105/224926.483:ERROR:process_reader_win.cc(123)] NtOpenThread: {Eriþim Yok} Bir iþlem bir nesneye eriþmek istedi, ancak istediði eriþimin haklarý kendisine verilmiþ deðil. (0xc0000022)
[0105/224926.483:ERROR:exception_snapshot_win.cc(99)] thread ID 30036 not found in process
[0105/224926.521:ERROR:process_reader_win.cc(123)] NtOpenThread: {Eriþim Yok} Bir iþlem bir nesneye eriþmek istedi, ancak istediði eriþimin haklarý kendisine verilmiþ deðil. (0xc0000022)
[0105/224926.521:ERROR:exception_snapshot_win.cc(99)] thread ID 32956 not found in process
[0105/225526.467:ERROR:directory_reader_win.cc(43)] FindFirstFile: Sistem belirtilen yolu bulamýyor. (0x3)
[0105/225655.910:ERROR:directory_reader_win.cc(43)] FindFirstFile: Sistem belirtilen yolu bulamýyor. (0x3)
[0105/225820.988:ERROR:directory_reader_win.cc(43)] FindFirstFile: Sistem belirtilen yolu bulamýyor. (0x3)
[0105/230622.770:ERROR:process_reader_win.cc(151)] SuspendThread: Eriþim engellendi. (0x5)
[0105/230622.770:ERROR:process_reader_win.cc(123)] NtOpenThread: {Eriþim Yok} Bir iþlem bir nesneye eriþmek istedi, ancak istediði eriþimin haklarý kendisine verilmiþ deðil. (0xc0000022)
[0105/230622.770:ERROR:exception_snapshot_win.cc(99)] thread ID 11020 not found in process
[0105/230622.915:ERROR:process_reader_win.cc(151)] SuspendThread: Eriþim engellendi. (0x5)
[0105/230622.915:ERROR:process_reader_win.cc(151)] SuspendThread: Eriþim engellendi. (0x5)
[0105/230622.915:ERROR:process_reader_win.cc(151)] SuspendThread: Eriþim engellendi. (0x5)
[0105/230622.915:ERROR:process_reader_win.cc(151)] SuspendThread: Eriþim engellendi. (0x5)
[0105/230622.916:ERROR:process_reader_win.cc(123)] NtOpenThread: {Eriþim Yok} Bir iþlem bir nesneye eriþmek istedi, ancak istediði eriþimin haklarý kendisine verilmiþ deðil. (0xc0000022)
[0105/230622.916:ERROR:exception_snapshot_win.cc(99)] thread ID 19936 not found in process
[0105/230625.802:ERROR:process_reader_win.cc(123)] NtOpenThread: {Eriþim Yok} Bir iþlem bir nesneye eriþmek istedi, ancak istediði eriþimin haklarý kendisine verilmiþ deðil. (0xc0000022)
[0105/230625.802:ERROR:exception_snapshot_win.cc(99)] thread ID 10248 not found in process
[0105/230625.840:ERROR:process_reader_win.cc(123)] NtOpenThread: {Eriþim Yok} Bir iþlem bir nesneye eriþmek istedi, ancak istediði eriþimin haklarý kendisine verilmiþ deðil. (0xc0000022)
[0105/230625.840:ERROR:exception_snapshot_win.cc(99)] thread ID 32680 not found in process
[0105/230626.941:ERROR:process_reader_win.cc(151)] SuspendThread: Eriþim engellendi. (0x5)
[0105/230626.941:ERROR:process_reader_win.cc(123)] NtOpenThread: {Eriþim Yok} Bir iþlem bir nesneye eriþmek istedi, ancak istediði eriþimin haklarý kendisine verilmiþ deðil. (0xc0000022)
[0105/230626.942:ERROR:exception_snapshot_win.cc(99)] thread ID 26516 not found in process
[0105/230626.979:ERROR:process_reader_win.cc(151)] SuspendThread: Eriþim engellendi. (0x5)
[0105/230626.979:ERROR:process_reader_win.cc(151)] SuspendThread: Eriþim engellendi. (0x5)
[0105/230626.979:ERROR:process_reader_win.cc(151)] SuspendThread: Eriþim engellendi. (0x5)
[0105/230626.979:ERROR:process_reader_win.cc(151)] SuspendThread: Eriþim engellendi. (0x5)
[0105/230626.979:ERROR:process_reader_win.cc(123)] NtOpenThread: {Eriþim Yok} Bir iþlem bir nesneye eriþmek istedi, ancak istediði eriþimin haklarý kendisine verilmiþ deðil. (0xc0000022)
[0105/230626.979:ERROR:exception_snapshot_win.cc(99)] thread ID 14880 not found in process
[0105/230628.311:ERROR:process_reader_win.cc(151)] SuspendThread: Eriþim engellendi. (0x5)
[0105/230628.314:ERROR:process_reader_win.cc(123)] NtOpenThread: {Eriþim Yok} Bir iþlem bir nesneye eriþmek istedi, ancak istediði eriþimin haklarý kendisine verilmiþ deðil. (0xc0000022)
[0105/230628.314:ERROR:exception_snapshot_win.cc(99)] thread ID 19028 not found in process
[0105/230628.385:ERROR:process_reader_win.cc(151)] SuspendThread: Eriþim engellendi. (0x5)
[0105/230628.385:ERROR:process_reader_win.cc(151)] SuspendThread: Eriþim engellendi. (0x5)
[0105/230628.385:ERROR:process_reader_win.cc(151)] SuspendThread: Eriþim engellendi. (0x5)
[0105/230628.385:ERROR:process_reader_win.cc(151)] SuspendThread: Eriþim engellendi. (0x5)
[0105/230628.385:ERROR:process_reader_win.cc(123)] NtOpenThread: {Eriþim Yok} Bir iþlem bir nesneye eriþmek istedi, ancak istediði eriþimin haklarý kendisine verilmiþ deðil. (0xc0000022)
[0105/230628.385:ERROR:exception_snapshot_win.cc(99)] thread ID 11508 not found in process
[0105/230630.318:ERROR:process_reader_win.cc(151)] SuspendThread: Eriþim engellendi. (0x5)
[0105/230630.319:ERROR:process_reader_win.cc(123)] NtOpenThread: {Eriþim Yok} Bir iþlem bir nesneye eriþmek istedi, ancak istediði eriþimin haklarý kendisine verilmiþ deðil. (0xc0000022)
[0105/230630.319:ERROR:exception_snapshot_win.cc(99)] thread ID 9184 not found in process
[0105/230630.367:ERROR:process_reader_win.cc(123)] NtOpenThread: {Eriþim Yok} Bir iþlem bir nesneye eriþmek istedi, ancak istediði eriþimin haklarý kendisine verilmiþ deðil. (0xc0000022)
[0105/230630.367:ERROR:exception_snapshot_win.cc(99)] thread ID 23932 not found in process
[0105/230631.702:ERROR:process_reader_win.cc(151)] SuspendThread: Eriþim engellendi. (0x5)
[0105/230631.703:ERROR:process_reader_win.cc(123)] NtOpenThread: {Eriþim Yok} Bir iþlem bir nesneye eriþmek istedi, ancak istediði eriþimin haklarý kendisine verilmiþ deðil. (0xc0000022)
[0105/230631.704:ERROR:exception_snapshot_win.cc(99)] thread ID 14504 not found in process
[0105/230631.738:ERROR:process_reader_win.cc(151)] SuspendThread: Eriþim engellendi. (0x5)
[0105/230631.738:ERROR:process_reader_win.cc(151)] SuspendThread: Eriþim engellendi. (0x5)
[0105/230631.739:ERROR:process_reader_win.cc(123)] NtOpenThread: {Eriþim Yok} Bir iþlem bir nesneye eriþmek istedi, ancak istediði eriþimin haklarý kendisine verilmiþ deðil. (0xc0000022)
[0105/230631.739:ERROR:exception_snapshot_win.cc(99)] thread ID 9928 not found in process
[0105/230631.790:ERROR:process_reader_win.cc(123)] NtOpenThread: {Eriþim Yok} Bir iþlem bir nesneye eriþmek istedi, ancak istediði eriþimin haklarý kendisine verilmiþ deðil. (0xc0000022)
[0105/230631.790:ERROR:exception_snapshot_win.cc(99)] thread ID 11896 not found in process
[0105/230631.872:ERROR:process_reader_win.cc(151)] SuspendThread: Eriþim engellendi. (0x5)
[0105/230631.873:ERROR:process_reader_win.cc(123)] NtOpenThread: {Eriþim Yok} Bir iþlem bir nesneye eriþmek istedi, ancak istediði eriþimin haklarý kendisine verilmiþ deðil. (0xc0000022)
[0105/230631.874:ERROR:exception_snapshot_win.cc(99)] thread ID 10904 not found in process
[0105/230631.901:ERROR:process_reader_win.cc(151)] SuspendThread: Eriþim engellendi. (0x5)
[0105/230631.901:ERROR:process_reader_win.cc(151)] SuspendThread: Eriþim engellendi. (0x5)
[0105/230631.902:ERROR:process_reader_win.cc(123)] NtOpenThread: {Eriþim Yok} Bir iþlem bir nesneye eriþmek istedi, ancak istediði eriþimin haklarý kendisine verilmiþ deðil. (0xc0000022)
[0105/230631.902:ERROR:exception_snapshot_win.cc(99)] thread ID 34080 not found in process
[0105/230631.954:ERROR:process_reader_win.cc(123)] NtOpenThread: {Eriþim Yok} Bir iþlem bir nesneye eriþmek istedi, ancak istediði eriþimin haklarý kendisine verilmiþ deðil. (0xc0000022)
[0105/230631.954:ERROR:exception_snapshot_win.cc(99)] thread ID 24328 not found in process
[0105/230632.009:ERROR:process_reader_win.cc(151)] SuspendThread: Eriþim engellendi. (0x5)
[0105/230632.011:ERROR:process_reader_win.cc(151)] SuspendThread: Eriþim engellendi. (0x5)
[0105/230632.011:ERROR:process_reader_win.cc(151)] SuspendThread: Eriþim engellendi. (0x5)
[0105/230632.011:ERROR:process_reader_win.cc(151)] SuspendThread: Eriþim engellendi. (0x5)
[0105/230632.011:ERROR:process_reader_win.cc(151)] SuspendThread: Eriþim engellendi. (0x5)
[0105/230632.011:ERROR:process_reader_win.cc(151)] SuspendThread: Eriþim engellendi. (0x5)
[0105/230632.011:ERROR:process_reader_win.cc(151)] SuspendThread: Eriþim engellendi. (0x5)
[0105/230632.011:ERROR:process_reader_win.cc(151)] SuspendThread: Eriþim engellendi. (0x5)
[0105/230632.011:ERROR:process_reader_win.cc(151)] SuspendThread: Eriþim engellendi. (0x5)
[0105/230632.011:ERROR:process_reader_win.cc(151)] SuspendThread: Eriþim engellendi. (0x5)
[0105/230632.011:ERROR:process_reader_win.cc(123)] NtOpenThread: {Eriþim Yok} Bir iþlem bir nesneye eriþmek istedi, ancak istediði eriþimin haklarý kendisine verilmiþ deðil. (0xc0000022)
[0105/230632.011:ERROR:exception_snapshot_win.cc(99)] thread ID 7704 not found in process
[0105/230632.057:ERROR:process_reader_win.cc(151)] SuspendThread: Eriþim engellendi. (0x5)
[0105/230632.057:ERROR:process_reader_win.cc(151)] SuspendThread: Eriþim engellendi. (0x5)
[0105/230632.057:ERROR:process_reader_win.cc(123)] NtOpenThread: {Eriþim Yok} Bir iþlem bir nesneye eriþmek istedi, ancak istediði eriþimin haklarý kendisine verilmiþ deðil. (0xc0000022)
[0105/230632.057:ERROR:exception_snapshot_win.cc(99)] thread ID 21324 not found in process
[0105/230632.099:ERROR:process_reader_win.cc(151)] SuspendThread: Eriþim engellendi. (0x5)
[0105/230632.099:ERROR:process_reader_win.cc(151)] SuspendThread: Eriþim engellendi. (0x5)
[0105/230632.099:ERROR:process_reader_win.cc(151)] SuspendThread: Eriþim engellendi. (0x5)
[0105/230632.099:ERROR:process_reader_win.cc(151)] SuspendThread: Eriþim engellendi. (0x5)
[0105/230632.099:ERROR:process_reader_win.cc(123)] NtOpenThread: {Eriþim Yok} Bir iþlem bir nesneye eriþmek istedi, ancak istediði eriþimin haklarý kendisine verilmiþ deðil. (0xc0000022)
[0105/230632.099:ERROR:exception_snapshot_win.cc(99)] thread ID 8208 not found in process
[0105/230632.137:ERROR:process_reader_win.cc(151)] SuspendThread: Eriþim engellendi. (0x5)
[0105/230632.140:ERROR:process_reader_win.cc(151)] SuspendThread: Eriþim engellendi. (0x5)
[0105/230632.140:ERROR:process_reader_win.cc(123)] NtOpenThread: {Eriþim Yok} Bir iþlem bir nesneye eriþmek istedi, ancak istediði eriþimin haklarý kendisine verilmiþ deðil. (0xc0000022)
[0105/230632.141:ERROR:exception_snapshot_win.cc(99)] thread ID 22140 not found in process
[0105/230632.200:ERROR:process_reader_win.cc(151)] SuspendThread: Eriþim engellendi. (0x5)
[0105/230632.200:ERROR:process_reader_win.cc(151)] SuspendThread: Eriþim engellendi. (0x5)
[0105/230632.200:ERROR:process_reader_win.cc(151)] SuspendThread: Eriþim engellendi. (0x5)
[0105/230632.200:ERROR:process_reader_win.cc(151)] SuspendThread: Eriþim engellendi. (0x5)
[0105/230632.200:ERROR:process_reader_win.cc(151)] SuspendThread: Eriþim engellendi. (0x5)
[0105/230632.200:ERROR:process_reader_win.cc(123)] NtOpenThread: {Eriþim Yok} Bir iþlem bir nesneye eriþmek istedi, ancak istediði eriþimin haklarý kendisine verilmiþ deðil. (0xc0000022)
[0105/230632.200:ERROR:exception_snapshot_win.cc(99)] thread ID 32744 not found in process
[0105/231217.463:ERROR:process_reader_win.cc(123)] NtOpenThread: {Eriþim Yok} Bir iþlem bir nesneye eriþmek istedi, ancak istediði eriþimin haklarý kendisine verilmiþ deðil. (0xc0000022)
[0105/231217.464:ERROR:exception_snapshot_win.cc(99)] thread ID 23708 not found in process
[0105/231217.502:ERROR:process_reader_win.cc(123)] NtOpenThread: {Eriþim Yok} Bir iþlem bir nesneye eriþmek istedi, ancak istediði eriþimin haklarý kendisine verilmiþ deðil. (0xc0000022)
[0105/231217.502:ERROR:exception_snapshot_win.cc(99)] thread ID 18520 not found in process
[0105/231217.547:ERROR:process_reader_win.cc(123)] NtOpenThread: {Eriþim Yok} Bir iþlem bir nesneye eriþmek istedi, ancak istediði eriþimin haklarý kendisine verilmiþ deðil. (0xc0000022)
[0105/231217.548:ERROR:exception_snapshot_win.cc(99)] thread ID 4808 not found in process
[0105/231217.574:ERROR:process_reader_win.cc(123)] NtOpenThread: {Eriþim Yok} Bir iþlem bir nesneye eriþmek istedi, ancak istediði eriþimin haklarý kendisine verilmiþ deðil. (0xc0000022)
[0105/231217.575:ERROR:exception_snapshot_win.cc(99)] thread ID 26900 not found in process
[0105/231217.595:ERROR:process_reader_win.cc(123)] NtOpenThread: {Eriþim Yok} Bir iþlem bir nesneye eriþmek istedi, ancak istediði eriþimin haklarý kendisine verilmiþ deðil. (0xc0000022)
[0105/231217.596:ERROR:exception_snapshot_win.cc(99)] thread ID 24188 not found in process
[0105/231217.620:ERROR:process_reader_win.cc(123)] NtOpenThread: {Eriþim Yok} Bir iþlem bir nesneye eriþmek istedi, ancak istediði eriþimin haklarý kendisine verilmiþ deðil. (0xc0000022)
[0105/231217.622:ERROR:exception_snapshot_win.cc(99)] thread ID 19632 not found in process
[0105/231217.669:ERROR:process_reader_win.cc(123)] NtOpenThread: {Eriþim Yok} Bir iþlem bir nesneye eriþmek istedi, ancak istediði eriþimin haklarý kendisine verilmiþ deðil. (0xc0000022)
[0105/231217.669:ERROR:exception_snapshot_win.cc(99)] thread ID 21996 not found in process
[0105/231217.719:ERROR:process_reader_win.cc(151)] SuspendThread: Eriþim engellendi. (0x5)
[0105/231217.720:ERROR:process_reader_win.cc(151)] SuspendThread: Eriþim engellendi. (0x5)
[0105/231217.720:ERROR:process_reader_win.cc(123)] NtOpenThread: {Eriþim Yok} Bir iþlem bir nesneye eriþmek istedi, ancak istediði eriþimin haklarý kendisine verilmiþ deðil. (0xc0000022)
[0105/231217.720:ERROR:exception_snapshot_win.cc(99)] thread ID 19800 not found in process
[0105/231217.769:ERROR:process_reader_win.cc(123)] NtOpenThread: {Eriþim Yok} Bir iþlem bir nesneye eriþmek istedi, ancak istediði eriþimin haklarý kendisine verilmiþ deðil. (0xc0000022)
[0105/231217.769:ERROR:exception_snapshot_win.cc(99)] thread ID 32900 not found in process
[0105/231217.821:ERROR:process_reader_win.cc(151)] SuspendThread: Eriþim engellendi. (0x5)
[0105/231217.822:ERROR:process_reader_win.cc(151)] SuspendThread: Eriþim engellendi. (0x5)
[0105/231217.822:ERROR:process_reader_win.cc(123)] NtOpenThread: {Eriþim Yok} Bir iþlem bir nesneye eriþmek istedi, ancak istediði eriþimin haklarý kendisine verilmiþ deðil. (0xc0000022)
[0105/231217.822:ERROR:exception_snapshot_win.cc(99)] thread ID 26000 not found in process
[0105/231217.863:ERROR:process_reader_win.cc(123)] NtOpenThread: {Eriþim Yok} Bir iþlem bir nesneye eriþmek istedi, ancak istediði eriþimin haklarý kendisine verilmiþ deðil. (0xc0000022)
[0105/231217.863:ERROR:exception_snapshot_win.cc(99)] thread ID 6344 not found in process
[0105/231217.919:ERROR:process_reader_win.cc(151)] SuspendThread: Eriþim engellendi. (0x5)
[0105/231217.920:ERROR:process_reader_win.cc(151)] SuspendThread: Eriþim engellendi. (0x5)
[0105/231217.920:ERROR:process_reader_win.cc(123)] NtOpenThread: {Eriþim Yok} Bir iþlem bir nesneye eriþmek istedi, ancak istediði eriþimin haklarý kendisine verilmiþ deðil. (0xc0000022)
[0105/231217.921:ERROR:exception_snapshot_win.cc(99)] thread ID 34892 not found in process
[0105/231217.964:ERROR:process_reader_win.cc(123)] NtOpenThread: {Eriþim Yok} Bir iþlem bir nesneye eriþmek istedi, ancak istediði eriþimin haklarý kendisine verilmiþ deðil. (0xc0000022)
[0105/231217.964:ERROR:exception_snapshot_win.cc(99)] thread ID 9764 not found in process
[0105/231218.014:ERROR:process_reader_win.cc(151)] SuspendThread: Eriþim engellendi. (0x5)
[0105/231218.015:ERROR:process_reader_win.cc(151)] SuspendThread: Eriþim engellendi. (0x5)
[0105/231218.015:ERROR:process_reader_win.cc(123)] NtOpenThread: {Eriþim Yok} Bir iþlem bir nesneye eriþmek istedi, ancak istediði eriþimin haklarý kendisine verilmiþ deðil. (0xc0000022)
[0105/231218.015:ERROR:exception_snapshot_win.cc(99)] thread ID 19700 not found in process
[0105/231218.052:ERROR:process_reader_win.cc(151)] SuspendThread: Eriþim engellendi. (0x5)
[0105/231218.052:ERROR:process_reader_win.cc(151)] SuspendThread: Eriþim engellendi. (0x5)
[0105/231218.052:ERROR:process_reader_win.cc(123)] NtOpenThread: {Eriþim Yok} Bir iþlem bir nesneye eriþmek istedi, ancak istediði eriþimin haklarý kendisine verilmiþ deðil. (0xc0000022)
[0105/231218.052:ERROR:exception_snapshot_win.cc(99)] thread ID 21972 not found in process
[0105/231218.104:ERROR:process_reader_win.cc(151)] SuspendThread: Eriþim engellendi. (0x5)
[0105/231218.105:ERROR:process_reader_win.cc(151)] SuspendThread: Eriþim engellendi. (0x5)
[0105/231218.105:ERROR:process_reader_win.cc(123)] NtOpenThread: {Eriþim Yok} Bir iþlem bir nesneye eriþmek istedi, ancak istediði eriþimin haklarý kendisine verilmiþ deðil. (0xc0000022)
[0105/231218.105:ERROR:exception_snapshot_win.cc(99)] thread ID 18632 not found in process
[0105/231218.151:ERROR:process_reader_win.cc(123)] NtOpenThread: {Eriþim Yok} Bir iþlem bir nesneye eriþmek istedi, ancak istediði eriþimin haklarý kendisine verilmiþ deðil. (0xc0000022)
[0105/231218.151:ERROR:exception_snapshot_win.cc(99)] thread ID 32480 not found in process
[0105/231218.221:ERROR:process_reader_win.cc(123)] NtOpenThread: Geçersiz bir Ýstemci Kimliði belirtildi. (0xc000000b)
[0105/231218.221:ERROR:process_reader_win.cc(151)] SuspendThread: Eriþim engellendi. (0x5)
[0105/231218.222:ERROR:process_reader_win.cc(151)] SuspendThread: Eriþim engellendi. (0x5)
[0105/231218.222:ERROR:process_reader_win.cc(123)] NtOpenThread: {Eriþim Yok} Bir iþlem bir nesneye eriþmek istedi, ancak istediði eriþimin haklarý kendisine verilmiþ deðil. (0xc0000022)
[0105/231218.222:ERROR:exception_snapshot_win.cc(99)] thread ID 24332 not found in process
[0105/231218.289:ERROR:process_reader_win.cc(151)] SuspendThread: Eriþim engellendi. (0x5)
[0105/231218.289:ERROR:process_reader_win.cc(151)] SuspendThread: Eriþim engellendi. (0x5)
[0105/231218.289:ERROR:process_reader_win.cc(151)] SuspendThread: Eriþim engellendi. (0x5)
[0105/231218.289:ERROR:process_reader_win.cc(151)] SuspendThread: Eriþim engellendi. (0x5)
[0105/231218.289:ERROR:process_reader_win.cc(151)] SuspendThread: Eriþim engellendi. (0x5)
[0105/231218.289:ERROR:process_reader_win.cc(151)] SuspendThread: Eriþim engellendi. (0x5)
[0105/231218.289:ERROR:process_reader_win.cc(123)] NtOpenThread: {Eriþim Yok} Bir iþlem bir nesneye eriþmek istedi, ancak istediði eriþimin haklarý kendisine verilmiþ deðil. (0xc0000022)
[0105/231218.289:ERROR:exception_snapshot_win.cc(99)] thread ID 34436 not found in process
[0105/231218.315:ERROR:process_reader_win.cc(151)] SuspendThread: Eriþim engellendi. (0x5)
[0105/231218.316:ERROR:process_reader_win.cc(151)] SuspendThread: Eriþim engellendi. (0x5)
[0105/231218.316:ERROR:process_reader_win.cc(123)] NtOpenThread: {Eriþim Yok} Bir iþlem bir nesneye eriþmek istedi, ancak istediði eriþimin haklarý kendisine verilmiþ deðil. (0xc0000022)
[0105/231218.316:ERROR:exception_snapshot_win.cc(99)] thread ID 12888 not found in process
[0105/231218.355:ERROR:process_reader_win.cc(151)] SuspendThread: Eriþim engellendi. (0x5)
[0105/231218.355:ERROR:process_reader_win.cc(151)] SuspendThread: Eriþim engellendi. (0x5)
[0105/231218.355:ERROR:process_reader_win.cc(151)] SuspendThread: Eriþim engellendi. (0x5)
[0105/231218.355:ERROR:process_reader_win.cc(151)] SuspendThread: Eriþim engellendi. (0x5)
[0105/231218.355:ERROR:process_reader_win.cc(151)] SuspendThread: Eriþim engellendi. (0x5)
[0105/231218.355:ERROR:process_reader_win.cc(151)] SuspendThread: Eriþim engellendi. (0x5)
[0105/231218.355:ERROR:process_reader_win.cc(123)] NtOpenThread: {Eriþim Yok} Bir iþlem bir nesneye eriþmek istedi, ancak istediði eriþimin haklarý kendisine verilmiþ deðil. (0xc0000022)
[0105/231218.355:ERROR:exception_snapshot_win.cc(99)] thread ID 32364 not found in process
[0105/231218.379:ERROR:process_reader_win.cc(151)] SuspendThread: Eriþim engellendi. (0x5)
[0105/231218.380:ERROR:process_reader_win.cc(151)] SuspendThread: Eriþim engellendi. (0x5)
[0105/231218.380:ERROR:process_reader_win.cc(151)] SuspendThread: Eriþim engellendi. (0x5)
[0105/231218.380:ERROR:process_reader_win.cc(151)] SuspendThread: Eriþim engellendi. (0x5)
[0105/231218.380:ERROR:process_reader_win.cc(151)] SuspendThread: Eriþim engellendi. (0x5)
[0105/231218.380:ERROR:process_reader_win.cc(151)] SuspendThread: Eriþim engellendi. (0x5)
[0105/231218.380:ERROR:process_reader_win.cc(151)] SuspendThread: Eriþim engellendi. (0x5)
[0105/231218.380:ERROR:process_reader_win.cc(151)] SuspendThread: Eriþim engellendi. (0x5)
[0105/231218.381:ERROR:process_reader_win.cc(151)] SuspendThread: Eriþim engellendi. (0x5)
[0105/231218.381:ERROR:process_reader_win.cc(151)] SuspendThread: Eriþim engellendi. (0x5)
[0105/231218.381:ERROR:process_reader_win.cc(151)] SuspendThread: Eriþim engellendi. (0x5)
[0105/231218.381:ERROR:process_reader_win.cc(151)] SuspendThread: Eriþim engellendi. (0x5)
[0105/231218.381:ERROR:process_reader_win.cc(151)] SuspendThread: Eriþim engellendi. (0x5)
[0105/231218.381:ERROR:process_reader_win.cc(123)] NtOpenThread: {Eriþim Yok} Bir iþlem bir nesneye eriþmek istedi, ancak istediði eriþimin haklarý kendisine verilmiþ deðil. (0xc0000022)
[0105/231218.381:ERROR:exception_snapshot_win.cc(99)] thread ID 30176 not found in process
[0105/231218.436:ERROR:process_reader_win.cc(151)] SuspendThread: Eriþim engellendi. (0x5)
[0105/231218.436:ERROR:process_reader_win.cc(151)] SuspendThread: Eriþim engellendi. (0x5)
[0105/231218.436:ERROR:process_reader_win.cc(151)] SuspendThread: Eriþim engellendi. (0x5)
[0105/231218.436:ERROR:process_reader_win.cc(151)] SuspendThread: Eriþim engellendi. (0x5)
[0105/231218.436:ERROR:process_reader_win.cc(151)] SuspendThread: Eriþim engellendi. (0x5)
[0105/231218.436:ERROR:process_reader_win.cc(151)] SuspendThread: Eriþim engellendi. (0x5)
[0105/231218.436:ERROR:process_reader_win.cc(123)] NtOpenThread: {Eriþim Yok} Bir iþlem bir nesneye eriþmek istedi, ancak istediði eriþimin haklarý kendisine verilmiþ deðil. (0xc0000022)
[0105/231218.436:ERROR:exception_snapshot_win.cc(99)] thread ID 10204 not found in process
[0105/231218.462:ERROR:process_reader_win.cc(151)] SuspendThread: Eriþim engellendi. (0x5)
[0105/231218.464:ERROR:process_reader_win.cc(151)] SuspendThread: Eriþim engellendi. (0x5)
[0105/231218.464:ERROR:process_reader_win.cc(123)] NtOpenThread: {Eriþim Yok} Bir iþlem bir nesneye eriþmek istedi, ancak istediði eriþimin haklarý kendisine verilmiþ deðil. (0xc0000022)
[0105/231218.464:ERROR:exception_snapshot_win.cc(99)] thread ID 33596 not found in process
[0105/231218.524:ERROR:process_reader_win.cc(151)] SuspendThread: Eriþim engellendi. (0x5)
[0105/231218.525:ERROR:process_reader_win.cc(151)] SuspendThread: Eriþim engellendi. (0x5)
[0105/231218.525:ERROR:process_reader_win.cc(151)] SuspendThread: Eriþim engellendi. (0x5)
[0105/231218.525:ERROR:process_reader_win.cc(151)] SuspendThread: Eriþim engellendi. (0x5)
[0105/231218.526:ERROR:process_reader_win.cc(151)] SuspendThread: Eriþim engellendi. (0x5)
[0105/231218.526:ERROR:process_reader_win.cc(151)] SuspendThread: Eriþim engellendi. (0x5)
[0105/231218.526:ERROR:process_reader_win.cc(123)] NtOpenThread: {Eriþim Yok} Bir iþlem bir nesneye eriþmek istedi, ancak istediði eriþimin haklarý kendisine verilmiþ deðil. (0xc0000022)
[0105/231218.526:ERROR:exception_snapshot_win.cc(99)] thread ID 14696 not found in process
[0105/232435.137:ERROR:process_reader_win.cc(123)] NtOpenThread: {Eriþim Yok} Bir iþlem bir nesneye eriþmek istedi, ancak istediði eriþimin haklarý kendisine verilmiþ deðil. (0xc0000022)
[0105/232435.138:ERROR:exception_snapshot_win.cc(99)] thread ID 1892 not found in process
[0105/232435.183:ERROR:process_reader_win.cc(123)] NtOpenThread: {Eriþim Yok} Bir iþlem bir nesneye eriþmek istedi, ancak istediði eriþimin haklarý kendisine verilmiþ deðil. (0xc0000022)
[0105/232435.183:ERROR:exception_snapshot_win.cc(99)] thread ID 15616 not found in process
[0105/233455.172:ERROR:directory_reader_win.cc(43)] FindFirstFile: Sistem belirtilen yolu bulamýyor. (0x3)
[0105/234402.134:ERROR:process_reader_win.cc(123)] NtOpenThread: {Eriþim Yok} Bir iþlem bir nesneye eriþmek istedi, ancak istediði eriþimin haklarý kendisine verilmiþ deðil. (0xc0000022)
[0105/234402.134:ERROR:exception_snapshot_win.cc(99)] thread ID 13764 not found in process
[0105/234402.170:ERROR:process_reader_win.cc(123)] NtOpenThread: {Eriþim Yok} Bir iþlem bir nesneye eriþmek istedi, ancak istediði eriþimin haklarý kendisine verilmiþ deðil. (0xc0000022)
[0105/234402.170:ERROR:exception_snapshot_win.cc(99)] thread ID 3408 not found in process
